  Main.cpp
E:\GitHub\OpenGL\Work\OpenGL_Project\OpenGL_Project\Main.cpp(118,17): warning C4244: “=”: 从“double”转换到“float”，可能丢失数据
E:\GitHub\OpenGL\Work\OpenGL_Project\OpenGL_Project\Main.cpp(119,17): warning C4244: “=”: 从“double”转换到“float”，可能丢失数据
E:\GitHub\OpenGL\Work\OpenGL_Project\OpenGL_Project\Main.cpp(123,11): warning C4244: “=”: 从“double”转换到“float”，可能丢失数据
E:\GitHub\OpenGL\Work\OpenGL_Project\OpenGL_Project\Main.cpp(124,11): warning C4244: “=”: 从“double”转换到“float”，可能丢失数据
E:\GitHub\OpenGL\Work\OpenGL_Project\OpenGL_Project\Main.cpp(285,129): warning C4244: “参数”: 从“double”转换到“GLfloat”，可能丢失数据
E:\GitHub\OpenGL\Work\OpenGL_Project\OpenGL_Project\Main.cpp(285,110): warning C4244: “参数”: 从“double”转换到“GLfloat”，可能丢失数据
E:\GitHub\OpenGL\Work\OpenGL_Project\OpenGL_Project\Main.cpp(285,92): warning C4244: “参数”: 从“double”转换到“GLfloat”，可能丢失数据
E:\GitHub\OpenGL\Work\OpenGL_Project\OpenGL_Project\Main.cpp(285,73): warning C4244: “参数”: 从“double”转换到“GLfloat”，可能丢失数据
LINK : warning LNK4098: 默认库“LIBCMT”与其他库的使用冲突；请使用 /NODEFAULTLIB:library
LINK : warning LNK4217: 符号“___glewActiveTexture”(在“ glew32s.lib(glew.obj)”中定义)已由“Mesh.obj”(函数“"public: void __thiscall Mesh::Draw(class Shader *)" (?Draw@Mesh@@QAEXPAVShader@@@Z)”中)导入
LINK : warning LNK4217: 符号“___glewBindBuffer”(在“ glew32s.lib(glew.obj)”中定义)已由“Mesh.obj”(函数“"private: void __thiscall Mesh::setupMesh(void)" (?setupMesh@Mesh@@AAEXXZ)”中)导入
LINK : warning LNK4217: 符号“___glewBufferData”(在“ glew32s.lib(glew.obj)”中定义)已由“Mesh.obj”(函数“"private: void __thiscall Mesh::setupMesh(void)" (?setupMesh@Mesh@@AAEXXZ)”中)导入
LINK : warning LNK4217: 符号“___glewGenBuffers”(在“ glew32s.lib(glew.obj)”中定义)已由“Mesh.obj”(函数“"private: void __thiscall Mesh::setupMesh(void)" (?setupMesh@Mesh@@AAEXXZ)”中)导入
LINK : warning LNK4217: 符号“___glewEnableVertexAttribArray”(在“ glew32s.lib(glew.obj)”中定义)已由“Mesh.obj”(函数“"private: void __thiscall Mesh::setupMesh(void)" (?setupMesh@Mesh@@AAEXXZ)”中)导入
LINK : warning LNK4217: 符号“___glewVertexAttribPointer”(在“ glew32s.lib(glew.obj)”中定义)已由“Mesh.obj”(函数“"private: void __thiscall Mesh::setupMesh(void)" (?setupMesh@Mesh@@AAEXXZ)”中)导入
LINK : warning LNK4217: 符号“___glewBindVertexArray”(在“ glew32s.lib(glew.obj)”中定义)已由“Mesh.obj”(函数“"public: void __thiscall Mesh::Draw(class Shader *)" (?Draw@Mesh@@QAEXPAVShader@@@Z)”中)导入
LINK : warning LNK4217: 符号“___glewGenVertexArrays”(在“ glew32s.lib(glew.obj)”中定义)已由“Mesh.obj”(函数“"private: void __thiscall Mesh::setupMesh(void)" (?setupMesh@Mesh@@AAEXXZ)”中)导入
glew32s.lib(glew.obj) : warning LNK4099: 未找到 PDB“vc120.pdb”(使用“glew32s.lib(glew.obj)”或在“E:\GitHub\OpenGL\Work\OpenGL_Project\Debug\vc120.pdb”中寻找)；正在链接对象，如同没有调试信息一样
  OpenGL_Project.vcxproj -> E:\GitHub\OpenGL\Work\OpenGL_Project\Debug\OpenGL_Project.exe
